{"level":"info","message":"Server running on port 4000","service":"b2b-platform-backend","timestamp":"2026-04-13 12:32:09"}
{"level":"info","message":"Redis connected","service":"b2b-platform-backend","timestamp":"2026-04-13 12:32:09"}
{"clientVersion":"5.22.0","errorCode":"P1001","level":"error","message":"Database connection failed: Can't reach database server at `postgres.railway.internal:5432`\n\nPlease make sure your database server is running at `postgres.railway.internal:5432`.","name":"PrismaClientInitializationError","service":"b2b-platform-backend","stack":"PrismaClientInitializationError: Can't reach database server at `postgres.railway.internal:5432`\n\nPlease make sure your database server is running at `postgres.railway.internal:5432`.\n    at t (/home/bhadresh/Desktop/jaxmart_monorepo/backend/node_modules/@prisma/client/runtime/library.js:112:2488)","timestamp":"2026-04-13 12:32:09"}
{"level":"info","message":"Server running on port 4000","service":"b2b-platform-backend","timestamp":"2026-04-13 12:36:54"}
{"level":"info","message":"Redis connected","service":"b2b-platform-backend","timestamp":"2026-04-13 12:36:54"}
{"clientVersion":"5.22.0","errorCode":"P1001","level":"error","message":"Database connection failed: Can't reach database server at `postgres.railway.internal:5432`\n\nPlease make sure your database server is running at `postgres.railway.internal:5432`.","name":"PrismaClientInitializationError","service":"b2b-platform-backend","stack":"PrismaClientInitializationError: Can't reach database server at `postgres.railway.internal:5432`\n\nPlease make sure your database server is running at `postgres.railway.internal:5432`.\n    at t (/home/bhadresh/Desktop/jaxmart_monorepo/backend/node_modules/@prisma/client/runtime/library.js:112:2488)","timestamp":"2026-04-13 12:36:54"}
{"level":"info","message":"Server running on port 4000","service":"b2b-platform-backend","timestamp":"2026-04-13 12:37:58"}
{"level":"info","message":"Redis connected","service":"b2b-platform-backend","timestamp":"2026-04-13 12:37:58"}
{"level":"info","message":"Database connected","service":"b2b-platform-backend","timestamp":"2026-04-13 12:38:02"}
{"level":"info","message":"Server running on port 4000","service":"b2b-platform-backend","timestamp":"2026-04-13 12:39:15"}
{"level":"info","message":"Redis connected","service":"b2b-platform-backend","timestamp":"2026-04-13 12:39:15"}
{"level":"info","message":"Database connected","service":"b2b-platform-backend","timestamp":"2026-04-13 12:39:18"}
{"level":"info","message":"Server running on port 4000","service":"b2b-platform-backend","timestamp":"2026-04-13 12:39:26"}
{"level":"info","message":"Redis connected","service":"b2b-platform-backend","timestamp":"2026-04-13 12:39:26"}
{"level":"info","message":"Database connected","service":"b2b-platform-backend","timestamp":"2026-04-13 12:39:29"}
{"level":"info","message":"Server running on port 4000","service":"b2b-platform-backend","timestamp":"2026-04-13 12:51:23"}
{"level":"info","message":"Redis connected","service":"b2b-platform-backend","timestamp":"2026-04-13 12:51:23"}
{"clientVersion":"5.22.0","errorCode":"P1001","level":"error","message":"Database connection failed: Can't reach database server at `postgres.railway.internal:5432`\n\nPlease make sure your database server is running at `postgres.railway.internal:5432`.","name":"PrismaClientInitializationError","service":"b2b-platform-backend","stack":"PrismaClientInitializationError: Can't reach database server at `postgres.railway.internal:5432`\n\nPlease make sure your database server is running at `postgres.railway.internal:5432`.\n    at t (/home/bhadresh/Desktop/jaxmart_monorepo/backend/node_modules/@prisma/client/runtime/library.js:112:2488)","timestamp":"2026-04-13 12:51:23"}
{"level":"info","message":"Server running on port 4000","service":"b2b-platform-backend","timestamp":"2026-04-13 12:52:35"}
{"level":"info","message":"Redis connected","service":"b2b-platform-backend","timestamp":"2026-04-13 12:52:35"}
{"clientVersion":"5.22.0","errorCode":"P1001","level":"error","message":"Database connection failed: Can't reach database server at `postgres.railway.internal:5432`\n\nPlease make sure your database server is running at `postgres.railway.internal:5432`.","name":"PrismaClientInitializationError","service":"b2b-platform-backend","stack":"PrismaClientInitializationError: Can't reach database server at `postgres.railway.internal:5432`\n\nPlease make sure your database server is running at `postgres.railway.internal:5432`.\n    at t (/home/bhadresh/Desktop/jaxmart_monorepo/backend/node_modules/@prisma/client/runtime/library.js:112:2488)","timestamp":"2026-04-13 12:52:35"}
{"level":"info","message":"Server running on port 4000","service":"b2b-platform-backend","timestamp":"2026-04-13 12:52:58"}
{"level":"info","message":"Redis connected","service":"b2b-platform-backend","timestamp":"2026-04-13 12:52:58"}
{"level":"info","message":"Database connected","service":"b2b-platform-backend","timestamp":"2026-04-13 12:53:02"}
{"level":"info","message":"Server running on port 4000","service":"b2b-platform-backend","timestamp":"2026-04-13 13:06:49"}
{"level":"info","message":"Redis connected","service":"b2b-platform-backend","timestamp":"2026-04-13 13:06:49"}
{"level":"info","message":"Database connected","service":"b2b-platform-backend","timestamp":"2026-04-13 13:06:52"}
{"level":"info","message":"DEV OTP for 9998882221: 781762 (Bypass: 123456)","service":"b2b-platform-backend","timestamp":"2026-04-13 13:07:50"}
{"level":"info","message":"DEV OTP for 9998882221: 975683 (Bypass: 123456)","service":"b2b-platform-backend","timestamp":"2026-04-13 13:09:27"}
{"level":"info","message":"Server running on port 4000","service":"b2b-platform-backend","timestamp":"2026-04-13 13:11:56"}
{"level":"info","message":"Redis connected","service":"b2b-platform-backend","timestamp":"2026-04-13 13:11:56"}
{"level":"info","message":"Database connected","service":"b2b-platform-backend","timestamp":"2026-04-13 13:11:59"}
{"level":"debug","message":"Verify OTP attempt: 9998882221, provided: 123456, bypass: true","service":"b2b-platform-backend","timestamp":"2026-04-13 13:12:30"}
{"level":"info","message":"DEV OTP for 9998882221: 938481 (Bypass: 123456)","service":"b2b-platform-backend","timestamp":"2026-04-13 13:13:12"}
{"level":"debug","message":"Verify OTP attempt: 9998882221, provided: 123456, bypass: true","service":"b2b-platform-backend","timestamp":"2026-04-13 13:13:14"}
{"level":"info","message":"Server running on port 4000","service":"b2b-platform-backend","timestamp":"2026-04-13 13:13:32"}
{"level":"info","message":"Redis connected","service":"b2b-platform-backend","timestamp":"2026-04-13 13:13:32"}
{"level":"info","message":"Database connected","service":"b2b-platform-backend","timestamp":"2026-04-13 13:13:35"}
{"level":"info","message":"DEV OTP for 9998882221: 179514 (Bypass: 123456)","service":"b2b-platform-backend","timestamp":"2026-04-13 13:13:38"}
{"level":"debug","message":"Verify OTP attempt: 9998882221, provided: 123456, bypass: true","service":"b2b-platform-backend","timestamp":"2026-04-13 13:13:41"}
{"level":"info","message":"Server running on port 4000","service":"b2b-platform-backend","timestamp":"2026-04-13 13:16:01"}
{"level":"info","message":"Redis connected","service":"b2b-platform-backend","timestamp":"2026-04-13 13:16:01"}
{"level":"info","message":"Database connected","service":"b2b-platform-backend","timestamp":"2026-04-13 13:16:05"}
{"level":"info","message":"DEV OTP for 9898898899: 816559 (Bypass: 123456)","service":"b2b-platform-backend","timestamp":"2026-04-13 13:16:21"}
{"level":"debug","message":"Verify OTP attempt: 9898898899, provided: 123456, bypass: true","service":"b2b-platform-backend","timestamp":"2026-04-13 13:16:24"}
{"level":"info","message":"Server running on port 4000","service":"b2b-platform-backend","timestamp":"2026-04-13 13:17:02"}
{"level":"info","message":"Redis connected","service":"b2b-platform-backend","timestamp":"2026-04-13 13:17:02"}
{"level":"info","message":"Database connected","service":"b2b-platform-backend","timestamp":"2026-04-13 13:17:05"}
{"level":"info","message":"DEV OTP for 9898898899: 647438 (Bypass: 123456)","service":"b2b-platform-backend","timestamp":"2026-04-13 13:17:26"}
{"level":"debug","message":"Verify OTP attempt: 9898898899, provided: 123456, bypass: true","service":"b2b-platform-backend","timestamp":"2026-04-13 13:17:30"}
{"level":"info","message":"Server running on port 4000","service":"b2b-platform-backend","timestamp":"2026-04-13 13:22:34"}
{"level":"info","message":"Redis connected","service":"b2b-platform-backend","timestamp":"2026-04-13 13:22:34"}
{"level":"info","message":"Database connected","service":"b2b-platform-backend","timestamp":"2026-04-13 13:22:37"}
{"level":"info","message":"Server running on port 4000","service":"b2b-platform-backend","timestamp":"2026-04-13 13:22:52"}
{"level":"info","message":"Redis connected","service":"b2b-platform-backend","timestamp":"2026-04-13 13:22:52"}
{"level":"info","message":"Database connected","service":"b2b-platform-backend","timestamp":"2026-04-13 13:22:56"}
{"level":"info","message":"Server running on port 4000","service":"b2b-platform-backend","timestamp":"2026-04-13 13:26:12"}
{"level":"info","message":"Redis connected","service":"b2b-platform-backend","timestamp":"2026-04-13 13:26:12"}
{"level":"info","message":"Database connected","service":"b2b-platform-backend","timestamp":"2026-04-13 13:26:15"}
{"level":"info","message":"DEV OTP for 9998882221: 389122 (Bypass: 123456)","service":"b2b-platform-backend","timestamp":"2026-04-13 13:29:18"}
{"level":"debug","message":"Verify OTP attempt: 9998882221, provided: 123456, bypass: true","service":"b2b-platform-backend","timestamp":"2026-04-13 13:29:20"}
{"level":"info","message":"Server running on port 4000","service":"b2b-platform-backend","timestamp":"2026-04-13 13:31:22"}
{"level":"info","message":"Redis connected","service":"b2b-platform-backend","timestamp":"2026-04-13 13:31:22"}
{"level":"info","message":"Database connected","service":"b2b-platform-backend","timestamp":"2026-04-13 13:31:25"}
{"level":"info","message":"Server running on port 4000","service":"b2b-platform-backend","timestamp":"2026-04-13 13:36:15"}
{"level":"info","message":"Redis connected","service":"b2b-platform-backend","timestamp":"2026-04-13 13:36:15"}
{"level":"info","message":"Database connected","service":"b2b-platform-backend","timestamp":"2026-04-13 13:36:18"}
{"level":"info","message":"Server running on port 4000","service":"b2b-platform-backend","timestamp":"2026-04-13 13:39:24"}
{"level":"info","message":"Redis connected","service":"b2b-platform-backend","timestamp":"2026-04-13 13:39:24"}
{"level":"info","message":"Database connected","service":"b2b-platform-backend","timestamp":"2026-04-13 13:39:27"}
{"level":"info","message":"Server running on port 4000","service":"b2b-platform-backend","timestamp":"2026-04-13 13:39:56"}
{"level":"info","message":"Redis connected","service":"b2b-platform-backend","timestamp":"2026-04-13 13:39:56"}
{"level":"info","message":"Database connected","service":"b2b-platform-backend","timestamp":"2026-04-13 13:39:59"}
{"level":"info","message":"Server running on port 4000","service":"b2b-platform-backend","timestamp":"2026-04-13 13:43:00"}
{"level":"info","message":"Redis connected","service":"b2b-platform-backend","timestamp":"2026-04-13 13:43:00"}
{"level":"info","message":"Database connected","service":"b2b-platform-backend","timestamp":"2026-04-13 13:43:03"}
{"level":"info","message":"Server running on port 4000","service":"b2b-platform-backend","timestamp":"2026-04-13 13:43:12"}
{"level":"info","message":"Redis connected","service":"b2b-platform-backend","timestamp":"2026-04-13 13:43:12"}
{"level":"info","message":"Database connected","service":"b2b-platform-backend","timestamp":"2026-04-13 13:43:15"}
{"level":"info","message":"Server running on port 4000","service":"b2b-platform-backend","timestamp":"2026-04-13 13:44:15"}
{"level":"info","message":"Redis connected","service":"b2b-platform-backend","timestamp":"2026-04-13 13:44:15"}
{"level":"info","message":"Database connected","service":"b2b-platform-backend","timestamp":"2026-04-13 13:44:19"}
{"level":"info","message":"DEV OTP for 9998882221: 237853 (Bypass: 123456)","service":"b2b-platform-backend","timestamp":"2026-04-13 14:38:46"}
{"level":"debug","message":"Verify OTP attempt: 9998882221, provided: 123456, bypass: true","service":"b2b-platform-backend","timestamp":"2026-04-13 14:38:49"}
{"clientVersion":"5.22.0","code":"P2024","level":"error","message":"verifyOtp error: \nInvalid `prisma.user.findUnique()` invocation in\n/home/bhadresh/Desktop/jaxmart_monorepo/backend/src/controllers/authController.js:68:34\n\n  65 await redis.del(`otp_attempts:${phone}`);\n  66 \n  67 // Find or create user\n→ 68 let user = await prisma.user.findUnique(\nTimed out fetching a new connection from the connection pool. More info: http://pris.ly/d/connection-pool (Current connection pool timeout: 10, connection limit: 9)","meta":{"connection_limit":9,"modelName":"User","timeout":10},"name":"PrismaClientKnownRequestError","service":"b2b-platform-backend","stack":"PrismaClientKnownRequestError: \nInvalid `prisma.user.findUnique()` invocation in\n/home/bhadresh/Desktop/jaxmart_monorepo/backend/src/controllers/authController.js:68:34\n\n  65 await redis.del(`otp_attempts:${phone}`);\n  66 \n  67 // Find or create user\n→ 68 let user = await prisma.user.findUnique(\nTimed out fetching a new connection from the connection pool. More info: http://pris.ly/d/connection-pool (Current connection pool timeout: 10, connection limit: 9)\n    at $n.handleRequestError (/home/bhadresh/Desktop/jaxmart_monorepo/backend/node_modules/@prisma/client/runtime/library.js:121:7315)\n    at $n.handleAndLogRequestError (/home/bhadresh/Desktop/jaxmart_monorepo/backend/node_modules/@prisma/client/runtime/library.js:121:6623)\n    at $n.request (/home/bhadresh/Desktop/jaxmart_monorepo/backend/node_modules/@prisma/client/runtime/library.js:121:6307)\n    at async l (/home/bhadresh/Desktop/jaxmart_monorepo/backend/node_modules/@prisma/client/runtime/library.js:130:9633)\n    at async verifyOtp (/home/bhadresh/Desktop/jaxmart_monorepo/backend/src/controllers/authController.js:68:16)","timestamp":"2026-04-13 14:38:59"}
{"level":"info","message":"Server running on port 4000","service":"b2b-platform-backend","timestamp":"2026-04-13 14:39:13"}
{"level":"info","message":"Redis connected","service":"b2b-platform-backend","timestamp":"2026-04-13 14:39:13"}
{"level":"info","message":"Database connected","service":"b2b-platform-backend","timestamp":"2026-04-13 14:39:16"}
{"level":"info","message":"DEV OTP for 9998882221: 930546 (Bypass: 123456)","service":"b2b-platform-backend","timestamp":"2026-04-13 14:39:18"}
{"level":"debug","message":"Verify OTP attempt: 9998882221, provided: 123456, bypass: true","service":"b2b-platform-backend","timestamp":"2026-04-13 14:39:20"}
{"clientVersion":"5.22.0","code":"P2003","level":"error","message":"createRfq error: \nInvalid `prisma.rfqRequest.create()` invocation in\n/home/bhadresh/Desktop/jaxmart_monorepo/backend/src/controllers/rfqController.js:21:41\n\n  18   include: { addresses: { where: { isPrimary: true }, take: 1 } },\n  19 });\n  20 \n→ 21 const rfq = await prisma.rfqRequest.create(\nForeign key constraint violated: `rfq_requests_categoryId_fkey (index)`","meta":{"field_name":"rfq_requests_categoryId_fkey (index)","modelName":"RfqRequest"},"name":"PrismaClientKnownRequestError","service":"b2b-platform-backend","stack":"PrismaClientKnownRequestError: \nInvalid `prisma.rfqRequest.create()` invocation in\n/home/bhadresh/Desktop/jaxmart_monorepo/backend/src/controllers/rfqController.js:21:41\n\n  18   include: { addresses: { where: { isPrimary: true }, take: 1 } },\n  19 });\n  20 \n→ 21 const rfq = await prisma.rfqRequest.create(\nForeign key constraint violated: `rfq_requests_categoryId_fkey (index)`\n    at $n.handleRequestError (/home/bhadresh/Desktop/jaxmart_monorepo/backend/node_modules/@prisma/client/runtime/library.js:121:7315)\n    at $n.handleAndLogRequestError (/home/bhadresh/Desktop/jaxmart_monorepo/backend/node_modules/@prisma/client/runtime/library.js:121:6623)\n    at $n.request (/home/bhadresh/Desktop/jaxmart_monorepo/backend/node_modules/@prisma/client/runtime/library.js:121:6307)\n    at async l (/home/bhadresh/Desktop/jaxmart_monorepo/backend/node_modules/@prisma/client/runtime/library.js:130:9633)\n    at async createRfq (/home/bhadresh/Desktop/jaxmart_monorepo/backend/src/controllers/rfqController.js:21:17)","timestamp":"2026-04-13 14:42:39"}
{"level":"info","message":"DEV OTP for 9898984545: 599809 (Bypass: 123456)","service":"b2b-platform-backend","timestamp":"2026-04-13 14:44:24"}
{"level":"debug","message":"Verify OTP attempt: 9898984545, provided: 123456, bypass: true","service":"b2b-platform-backend","timestamp":"2026-04-13 14:44:28"}
{"clientVersion":"5.22.0","code":"P2003","level":"error","message":"createRfq error: \nInvalid `prisma.rfqRequest.create()` invocation in\n/home/bhadresh/Desktop/jaxmart_monorepo/backend/src/controllers/rfqController.js:21:41\n\n  18   include: { addresses: { where: { isPrimary: true }, take: 1 } },\n  19 });\n  20 \n→ 21 const rfq = await prisma.rfqRequest.create(\nForeign key constraint violated: `rfq_requests_categoryId_fkey (index)`","meta":{"field_name":"rfq_requests_categoryId_fkey (index)","modelName":"RfqRequest"},"name":"PrismaClientKnownRequestError","service":"b2b-platform-backend","stack":"PrismaClientKnownRequestError: \nInvalid `prisma.rfqRequest.create()` invocation in\n/home/bhadresh/Desktop/jaxmart_monorepo/backend/src/controllers/rfqController.js:21:41\n\n  18   include: { addresses: { where: { isPrimary: true }, take: 1 } },\n  19 });\n  20 \n→ 21 const rfq = await prisma.rfqRequest.create(\nForeign key constraint violated: `rfq_requests_categoryId_fkey (index)`\n    at $n.handleRequestError (/home/bhadresh/Desktop/jaxmart_monorepo/backend/node_modules/@prisma/client/runtime/library.js:121:7315)\n    at $n.handleAndLogRequestError (/home/bhadresh/Desktop/jaxmart_monorepo/backend/node_modules/@prisma/client/runtime/library.js:121:6623)\n    at $n.request (/home/bhadresh/Desktop/jaxmart_monorepo/backend/node_modules/@prisma/client/runtime/library.js:121:6307)\n    at async l (/home/bhadresh/Desktop/jaxmart_monorepo/backend/node_modules/@prisma/client/runtime/library.js:130:9633)\n    at async createRfq (/home/bhadresh/Desktop/jaxmart_monorepo/backend/src/controllers/rfqController.js:21:17)","timestamp":"2026-04-13 14:46:46"}
{"level":"info","message":"Server running on port 4000","service":"b2b-platform-backend","timestamp":"2026-04-13 15:15:03"}
{"level":"info","message":"Redis connected","service":"b2b-platform-backend","timestamp":"2026-04-13 15:15:03"}
{"level":"info","message":"Database connected","service":"b2b-platform-backend","timestamp":"2026-04-13 15:15:05"}
{"level":"info","message":"Server running on port 4000","service":"b2b-platform-backend","timestamp":"2026-04-13 15:33:02"}
{"level":"info","message":"Redis connected","service":"b2b-platform-backend","timestamp":"2026-04-13 15:33:02"}
{"level":"info","message":"Database connected","service":"b2b-platform-backend","timestamp":"2026-04-13 15:33:04"}
{"level":"info","message":"DEV OTP for 9998882221: 698528 (Bypass: 123456)","service":"b2b-platform-backend","timestamp":"2026-04-13 15:33:20"}
{"level":"debug","message":"Verify OTP attempt: 9998882221, provided: 123456, bypass: true","service":"b2b-platform-backend","timestamp":"2026-04-13 15:33:23"}
{"level":"info","message":"DEV OTP for 9998882221: 877896 (Bypass: 123456)","service":"b2b-platform-backend","timestamp":"2026-04-13 15:38:00"}
{"level":"debug","message":"Verify OTP attempt: 9998882221, provided: 123456, bypass: true","service":"b2b-platform-backend","timestamp":"2026-04-13 15:38:02"}
{"clientVersion":"5.22.0","code":"P2003","level":"error","message":"createRfq error: \nInvalid `prisma.rfqRequest.create()` invocation in\n/home/bhadresh/Desktop/jaxmart_monorepo/backend/src/controllers/rfqController.js:21:41\n\n  18   include: { addresses: { where: { isPrimary: true }, take: 1 } },\n  19 });\n  20 \n→ 21 const rfq = await prisma.rfqRequest.create(\nForeign key constraint violated: `rfq_requests_categoryId_fkey (index)`","meta":{"field_name":"rfq_requests_categoryId_fkey (index)","modelName":"RfqRequest"},"name":"PrismaClientKnownRequestError","service":"b2b-platform-backend","stack":"PrismaClientKnownRequestError: \nInvalid `prisma.rfqRequest.create()` invocation in\n/home/bhadresh/Desktop/jaxmart_monorepo/backend/src/controllers/rfqController.js:21:41\n\n  18   include: { addresses: { where: { isPrimary: true }, take: 1 } },\n  19 });\n  20 \n→ 21 const rfq = await prisma.rfqRequest.create(\nForeign key constraint violated: `rfq_requests_categoryId_fkey (index)`\n    at $n.handleRequestError (/home/bhadresh/Desktop/jaxmart_monorepo/backend/node_modules/@prisma/client/runtime/library.js:121:7315)\n    at $n.handleAndLogRequestError (/home/bhadresh/Desktop/jaxmart_monorepo/backend/node_modules/@prisma/client/runtime/library.js:121:6623)\n    at $n.request (/home/bhadresh/Desktop/jaxmart_monorepo/backend/node_modules/@prisma/client/runtime/library.js:121:6307)\n    at async l (/home/bhadresh/Desktop/jaxmart_monorepo/backend/node_modules/@prisma/client/runtime/library.js:130:9633)\n    at async createRfq (/home/bhadresh/Desktop/jaxmart_monorepo/backend/src/controllers/rfqController.js:21:17)","timestamp":"2026-04-13 15:39:30"}
{"level":"info","message":"Server running on port 4000","service":"b2b-platform-backend","timestamp":"2026-04-13 16:00:00"}
{"level":"info","message":"Redis connected","service":"b2b-platform-backend","timestamp":"2026-04-13 16:00:00"}
{"level":"info","message":"Database connected","service":"b2b-platform-backend","timestamp":"2026-04-13 16:00:02"}
{"clientVersion":"5.22.0","code":"P2003","level":"error","message":"createRfq error: \nInvalid `prisma.rfqRequest.create()` invocation in\n/home/bhadresh/Desktop/jaxmart_monorepo/backend/src/controllers/rfqController.js:21:41\n\n  18   include: { addresses: { where: { isPrimary: true }, take: 1 } },\n  19 });\n  20 \n→ 21 const rfq = await prisma.rfqRequest.create(\nForeign key constraint violated: `rfq_requests_categoryId_fkey (index)`","meta":{"field_name":"rfq_requests_categoryId_fkey (index)","modelName":"RfqRequest"},"name":"PrismaClientKnownRequestError","service":"b2b-platform-backend","stack":"PrismaClientKnownRequestError: \nInvalid `prisma.rfqRequest.create()` invocation in\n/home/bhadresh/Desktop/jaxmart_monorepo/backend/src/controllers/rfqController.js:21:41\n\n  18   include: { addresses: { where: { isPrimary: true }, take: 1 } },\n  19 });\n  20 \n→ 21 const rfq = await prisma.rfqRequest.create(\nForeign key constraint violated: `rfq_requests_categoryId_fkey (index)`\n    at $n.handleRequestError (/home/bhadresh/Desktop/jaxmart_monorepo/backend/node_modules/@prisma/client/runtime/library.js:121:7315)\n    at $n.handleAndLogRequestError (/home/bhadresh/Desktop/jaxmart_monorepo/backend/node_modules/@prisma/client/runtime/library.js:121:6623)\n    at $n.request (/home/bhadresh/Desktop/jaxmart_monorepo/backend/node_modules/@prisma/client/runtime/library.js:121:6307)\n    at async l (/home/bhadresh/Desktop/jaxmart_monorepo/backend/node_modules/@prisma/client/runtime/library.js:130:9633)\n    at async createRfq (/home/bhadresh/Desktop/jaxmart_monorepo/backend/src/controllers/rfqController.js:21:17)","timestamp":"2026-04-13 16:01:52"}
{"level":"info","message":"Server running on port 4000","service":"b2b-platform-backend","timestamp":"2026-04-13 16:02:58"}
{"level":"info","message":"Redis connected","service":"b2b-platform-backend","timestamp":"2026-04-13 16:02:58"}
{"level":"info","message":"Database connected","service":"b2b-platform-backend","timestamp":"2026-04-13 16:03:00"}
{"level":"info","message":"Server running on port 4000","service":"b2b-platform-backend","timestamp":"2026-04-13 16:06:12"}
{"level":"info","message":"Redis connected","service":"b2b-platform-backend","timestamp":"2026-04-13 16:06:12"}
{"level":"info","message":"Database connected","service":"b2b-platform-backend","timestamp":"2026-04-13 16:06:14"}
{"level":"info","message":"Server running on port 4000","service":"b2b-platform-backend","timestamp":"2026-04-13 16:06:17"}
{"level":"info","message":"Redis connected","service":"b2b-platform-backend","timestamp":"2026-04-13 16:06:17"}
{"level":"info","message":"Database connected","service":"b2b-platform-backend","timestamp":"2026-04-13 16:06:19"}
{"level":"info","message":"Server running on port 4000","service":"b2b-platform-backend","timestamp":"2026-04-13 16:07:00"}
{"level":"info","message":"Redis connected","service":"b2b-platform-backend","timestamp":"2026-04-13 16:07:00"}
{"level":"info","message":"Database connected","service":"b2b-platform-backend","timestamp":"2026-04-13 16:07:02"}
{"level":"info","message":"RFQ 1026e6b8-08d6-4934-8e4c-4442ffe42e25: Notified 0 matched providers","service":"b2b-platform-backend","timestamp":"2026-04-13 16:08:11"}
{"level":"info","message":"DEV OTP for 9998882221: 190108 (Bypass: 123456)","service":"b2b-platform-backend","timestamp":"2026-04-13 16:14:23"}
{"level":"debug","message":"Verify OTP attempt: 9998882221, provided: 123456, bypass: true","service":"b2b-platform-backend","timestamp":"2026-04-13 16:14:26"}
{"level":"info","message":"DEV OTP for 9998887776: 482872 (Bypass: 123456)","service":"b2b-platform-backend","timestamp":"2026-04-13 16:48:30"}
{"level":"debug","message":"Verify OTP attempt: 9998887776, provided: 123456, bypass: true","service":"b2b-platform-backend","timestamp":"2026-04-13 16:48:33"}
{"level":"info","message":"DEV OTP for 9998882221: 733009 (Bypass: 123456)","service":"b2b-platform-backend","timestamp":"2026-04-13 16:50:07"}
{"level":"debug","message":"Verify OTP attempt: 9998882221, provided: 123456, bypass: true","service":"b2b-platform-backend","timestamp":"2026-04-13 16:50:09"}
{"level":"info","message":"RFQ 130654b2-cc50-4df5-8ed3-7a4034b751cb: Notified 0 matched providers","service":"b2b-platform-backend","timestamp":"2026-04-13 16:51:20"}
{"level":"info","message":"DEV OTP for 9998882221: 481051 (Bypass: 123456)","service":"b2b-platform-backend","timestamp":"2026-04-13 16:51:54"}
{"level":"debug","message":"Verify OTP attempt: 9998882221, provided: 123456, bypass: true","service":"b2b-platform-backend","timestamp":"2026-04-13 16:51:57"}
{"level":"info","message":"DEV OTP for 9998887776: 784129 (Bypass: 123456)","service":"b2b-platform-backend","timestamp":"2026-04-13 16:52:20"}
{"level":"debug","message":"Verify OTP attempt: 9998887776, provided: 123456, bypass: true","service":"b2b-platform-backend","timestamp":"2026-04-13 16:52:22"}
{"level":"info","message":"DEV OTP for 9998882221: 523628 (Bypass: 123456)","service":"b2b-platform-backend","timestamp":"2026-04-13 16:53:21"}
{"level":"debug","message":"Verify OTP attempt: 9998882221, provided: 123456, bypass: true","service":"b2b-platform-backend","timestamp":"2026-04-13 16:53:25"}
{"clientVersion":"5.22.0","code":"P1001","level":"error","message":"searchListings error: \nInvalid `prisma.listing.count()` invocation in\n/home/bhadresh/Desktop/jaxmart_monorepo/backend/src/controllers/listingController.js:71:22\n\n  68     },\n  69   },\n  70 }),\n→ 71 prisma.listing.count(\nCan't reach database server at `mainline.proxy.rlwy.net:36460`\n\nPlease make sure your database server is running at `mainline.proxy.rlwy.net:36460`.","meta":{"database_host":"mainline.proxy.rlwy.net","database_port":36460,"modelName":"Listing"},"name":"PrismaClientKnownRequestError","service":"b2b-platform-backend","stack":"PrismaClientKnownRequestError: \nInvalid `prisma.listing.count()` invocation in\n/home/bhadresh/Desktop/jaxmart_monorepo/backend/src/controllers/listingController.js:71:22\n\n  68     },\n  69   },\n  70 }),\n→ 71 prisma.listing.count(\nCan't reach database server at `mainline.proxy.rlwy.net:36460`\n\nPlease make sure your database server is running at `mainline.proxy.rlwy.net:36460`.\n    at $n.handleRequestError (/home/bhadresh/Desktop/jaxmart_monorepo/backend/node_modules/@prisma/client/runtime/library.js:121:7315)\n    at $n.handleAndLogRequestError (/home/bhadresh/Desktop/jaxmart_monorepo/backend/node_modules/@prisma/client/runtime/library.js:121:6623)\n    at $n.request (/home/bhadresh/Desktop/jaxmart_monorepo/backend/node_modules/@prisma/client/runtime/library.js:121:6307)\n    at async l (/home/bhadresh/Desktop/jaxmart_monorepo/backend/node_modules/@prisma/client/runtime/library.js:130:9633)\n    at async Promise.all (index 1)\n    at async searchListings (/home/bhadresh/Desktop/jaxmart_monorepo/backend/src/controllers/listingController.js:47:31)","timestamp":"2026-04-13 17:00:21"}
{"clientVersion":"5.22.0","code":"P1001","level":"error","message":"searchListings error: \nInvalid `prisma.listing.findMany()` invocation in\n/home/bhadresh/Desktop/jaxmart_monorepo/backend/src/controllers/listingController.js:48:22\n\n  45 }\n  46 \n  47 const [listings, total] = await Promise.all([\n→ 48   prisma.listing.findMany(\nCan't reach database server at `mainline.proxy.rlwy.net:36460`\n\nPlease make sure your database server is running at `mainline.proxy.rlwy.net:36460`.","meta":{"database_host":"mainline.proxy.rlwy.net","database_port":36460,"modelName":"Listing"},"name":"PrismaClientKnownRequestError","service":"b2b-platform-backend","stack":"PrismaClientKnownRequestError: \nInvalid `prisma.listing.findMany()` invocation in\n/home/bhadresh/Desktop/jaxmart_monorepo/backend/src/controllers/listingController.js:48:22\n\n  45 }\n  46 \n  47 const [listings, total] = await Promise.all([\n→ 48   prisma.listing.findMany(\nCan't reach database server at `mainline.proxy.rlwy.net:36460`\n\nPlease make sure your database server is running at `mainline.proxy.rlwy.net:36460`.\n    at $n.handleRequestError (/home/bhadresh/Desktop/jaxmart_monorepo/backend/node_modules/@prisma/client/runtime/library.js:121:7315)\n    at $n.handleAndLogRequestError (/home/bhadresh/Desktop/jaxmart_monorepo/backend/node_modules/@prisma/client/runtime/library.js:121:6623)\n    at $n.request (/home/bhadresh/Desktop/jaxmart_monorepo/backend/node_modules/@prisma/client/runtime/library.js:121:6307)\n    at async l (/home/bhadresh/Desktop/jaxmart_monorepo/backend/node_modules/@prisma/client/runtime/library.js:130:9633)\n    at async Promise.all (index 0)\n    at async searchListings (/home/bhadresh/Desktop/jaxmart_monorepo/backend/src/controllers/listingController.js:47:31)","timestamp":"2026-04-13 17:00:27"}
{"level":"info","message":"DEV OTP for 9998887776: 832128 (Bypass: 123456)","service":"b2b-platform-backend","timestamp":"2026-04-13 17:02:06"}
{"level":"debug","message":"Verify OTP attempt: 9998887776, provided: 123456, bypass: true","service":"b2b-platform-backend","timestamp":"2026-04-13 17:02:09"}
{"clientVersion":"5.22.0","code":"P1001","level":"error","message":"getSellerRfqInbox error: \nInvalid `prisma.rfqRequest.findMany()` invocation in\n/home/bhadresh/Desktop/jaxmart_monorepo/backend/src/controllers/rfqController.js:154:25\n\n  151 };\n  152 \n  153 const [rfqs, total] = await Promise.all([\n→ 154   prisma.rfqRequest.findMany(\nCan't reach database server at `mainline.proxy.rlwy.net:36460`\n\nPlease make sure your database server is running at `mainline.proxy.rlwy.net:36460`.","meta":{"database_host":"mainline.proxy.rlwy.net","database_port":36460,"modelName":"RfqRequest"},"name":"PrismaClientKnownRequestError","service":"b2b-platform-backend","stack":"PrismaClientKnownRequestError: \nInvalid `prisma.rfqRequest.findMany()` invocation in\n/home/bhadresh/Desktop/jaxmart_monorepo/backend/src/controllers/rfqController.js:154:25\n\n  151 };\n  152 \n  153 const [rfqs, total] = await Promise.all([\n→ 154   prisma.rfqRequest.findMany(\nCan't reach database server at `mainline.proxy.rlwy.net:36460`\n\nPlease make sure your database server is running at `mainline.proxy.rlwy.net:36460`.\n    at $n.handleRequestError (/home/bhadresh/Desktop/jaxmart_monorepo/backend/node_modules/@prisma/client/runtime/library.js:121:7315)\n    at $n.handleAndLogRequestError (/home/bhadresh/Desktop/jaxmart_monorepo/backend/node_modules/@prisma/client/runtime/library.js:121:6623)\n    at $n.request (/home/bhadresh/Desktop/jaxmart_monorepo/backend/node_modules/@prisma/client/runtime/library.js:121:6307)\n    at async l (/home/bhadresh/Desktop/jaxmart_monorepo/backend/node_modules/@prisma/client/runtime/library.js:130:9633)\n    at async Promise.all (index 0)\n    at async getSellerRfqInbox (/home/bhadresh/Desktop/jaxmart_monorepo/backend/src/controllers/rfqController.js:153:27)","timestamp":"2026-04-13 17:06:15"}
{"level":"info","message":"Server running on port 4000","service":"b2b-platform-backend","timestamp":"2026-04-13 17:11:03"}
{"level":"info","message":"Redis connected","service":"b2b-platform-backend","timestamp":"2026-04-13 17:11:03"}
{"level":"info","message":"Database connected","service":"b2b-platform-backend","timestamp":"2026-04-13 17:11:05"}
{"level":"info","message":"Server running on port 4000","service":"b2b-platform-backend","timestamp":"2026-04-13 17:11:17"}
{"level":"info","message":"Redis connected","service":"b2b-platform-backend","timestamp":"2026-04-13 17:11:17"}
{"level":"info","message":"Database connected","service":"b2b-platform-backend","timestamp":"2026-04-13 17:11:19"}
{"level":"info","message":"Server running on port 4000","service":"b2b-platform-backend","timestamp":"2026-04-13 17:15:14"}
{"level":"info","message":"Redis connected","service":"b2b-platform-backend","timestamp":"2026-04-13 17:15:14"}
{"level":"info","message":"Database connected","service":"b2b-platform-backend","timestamp":"2026-04-13 17:15:16"}
{"level":"info","message":"DEV OTP for 9998882221: 523913 (Bypass: 123456)","service":"b2b-platform-backend","timestamp":"2026-04-13 17:17:11"}
{"level":"debug","message":"Verify OTP attempt: 9998882221, provided: 123456, bypass: true","service":"b2b-platform-backend","timestamp":"2026-04-13 17:17:19"}
{"level":"info","message":"DEV OTP for 9998882221: 982292 (Bypass: 123456)","service":"b2b-platform-backend","timestamp":"2026-04-14 10:29:43"}
{"level":"debug","message":"Verify OTP attempt: 9998882221, provided: 123456, bypass: true","service":"b2b-platform-backend","timestamp":"2026-04-14 10:29:47"}
{"clientVersion":"5.22.0","code":"P1001","level":"error","message":"searchListings error: \nInvalid `prisma.listing.findMany()` invocation in\n/home/bhadresh/Desktop/jaxmart_monorepo/backend/src/controllers/listingController.js:48:22\n\n  45 }\n  46 \n  47 const [listings, total] = await Promise.all([\n→ 48   prisma.listing.findMany(\nCan't reach database server at `mainline.proxy.rlwy.net:36460`\n\nPlease make sure your database server is running at `mainline.proxy.rlwy.net:36460`.","meta":{"database_host":"mainline.proxy.rlwy.net","database_port":36460,"modelName":"Listing"},"name":"PrismaClientKnownRequestError","service":"b2b-platform-backend","stack":"PrismaClientKnownRequestError: \nInvalid `prisma.listing.findMany()` invocation in\n/home/bhadresh/Desktop/jaxmart_monorepo/backend/src/controllers/listingController.js:48:22\n\n  45 }\n  46 \n  47 const [listings, total] = await Promise.all([\n→ 48   prisma.listing.findMany(\nCan't reach database server at `mainline.proxy.rlwy.net:36460`\n\nPlease make sure your database server is running at `mainline.proxy.rlwy.net:36460`.\n    at $n.handleRequestError (/home/bhadresh/Desktop/jaxmart_monorepo/backend/node_modules/@prisma/client/runtime/library.js:121:7315)\n    at $n.handleAndLogRequestError (/home/bhadresh/Desktop/jaxmart_monorepo/backend/node_modules/@prisma/client/runtime/library.js:121:6623)\n    at $n.request (/home/bhadresh/Desktop/jaxmart_monorepo/backend/node_modules/@prisma/client/runtime/library.js:121:6307)\n    at async l (/home/bhadresh/Desktop/jaxmart_monorepo/backend/node_modules/@prisma/client/runtime/library.js:130:9633)\n    at async Promise.all (index 0)\n    at async searchListings (/home/bhadresh/Desktop/jaxmart_monorepo/backend/src/controllers/listingController.js:47:31)","timestamp":"2026-04-14 10:29:57"}
{"clientVersion":"5.22.0","code":"P1001","level":"error","message":"searchListings error: \nInvalid `prisma.listing.findMany()` invocation in\n/home/bhadresh/Desktop/jaxmart_monorepo/backend/src/controllers/listingController.js:48:22\n\n  45 }\n  46 \n  47 const [listings, total] = await Promise.all([\n→ 48   prisma.listing.findMany(\nCan't reach database server at `mainline.proxy.rlwy.net:36460`\n\nPlease make sure your database server is running at `mainline.proxy.rlwy.net:36460`.","meta":{"database_host":"mainline.proxy.rlwy.net","database_port":36460,"modelName":"Listing"},"name":"PrismaClientKnownRequestError","service":"b2b-platform-backend","stack":"PrismaClientKnownRequestError: \nInvalid `prisma.listing.findMany()` invocation in\n/home/bhadresh/Desktop/jaxmart_monorepo/backend/src/controllers/listingController.js:48:22\n\n  45 }\n  46 \n  47 const [listings, total] = await Promise.all([\n→ 48   prisma.listing.findMany(\nCan't reach database server at `mainline.proxy.rlwy.net:36460`\n\nPlease make sure your database server is running at `mainline.proxy.rlwy.net:36460`.\n    at $n.handleRequestError (/home/bhadresh/Desktop/jaxmart_monorepo/backend/node_modules/@prisma/client/runtime/library.js:121:7315)\n    at $n.handleAndLogRequestError (/home/bhadresh/Desktop/jaxmart_monorepo/backend/node_modules/@prisma/client/runtime/library.js:121:6623)\n    at $n.request (/home/bhadresh/Desktop/jaxmart_monorepo/backend/node_modules/@prisma/client/runtime/library.js:121:6307)\n    at async l (/home/bhadresh/Desktop/jaxmart_monorepo/backend/node_modules/@prisma/client/runtime/library.js:130:9633)\n    at async Promise.all (index 0)\n    at async searchListings (/home/bhadresh/Desktop/jaxmart_monorepo/backend/src/controllers/listingController.js:47:31)","timestamp":"2026-04-14 10:45:26"}
{"clientVersion":"5.22.0","code":"P1001","level":"error","message":"searchListings error: \nInvalid `prisma.listing.findMany()` invocation in\n/home/bhadresh/Desktop/jaxmart_monorepo/backend/src/controllers/listingController.js:48:22\n\n  45 }\n  46 \n  47 const [listings, total] = await Promise.all([\n→ 48   prisma.listing.findMany(\nCan't reach database server at `mainline.proxy.rlwy.net:36460`\n\nPlease make sure your database server is running at `mainline.proxy.rlwy.net:36460`.","meta":{"database_host":"mainline.proxy.rlwy.net","database_port":36460,"modelName":"Listing"},"name":"PrismaClientKnownRequestError","service":"b2b-platform-backend","stack":"PrismaClientKnownRequestError: \nInvalid `prisma.listing.findMany()` invocation in\n/home/bhadresh/Desktop/jaxmart_monorepo/backend/src/controllers/listingController.js:48:22\n\n  45 }\n  46 \n  47 const [listings, total] = await Promise.all([\n→ 48   prisma.listing.findMany(\nCan't reach database server at `mainline.proxy.rlwy.net:36460`\n\nPlease make sure your database server is running at `mainline.proxy.rlwy.net:36460`.\n    at $n.handleRequestError (/home/bhadresh/Desktop/jaxmart_monorepo/backend/node_modules/@prisma/client/runtime/library.js:121:7315)\n    at $n.handleAndLogRequestError (/home/bhadresh/Desktop/jaxmart_monorepo/backend/node_modules/@prisma/client/runtime/library.js:121:6623)\n    at $n.request (/home/bhadresh/Desktop/jaxmart_monorepo/backend/node_modules/@prisma/client/runtime/library.js:121:6307)\n    at async l (/home/bhadresh/Desktop/jaxmart_monorepo/backend/node_modules/@prisma/client/runtime/library.js:130:9633)\n    at async Promise.all (index 0)\n    at async searchListings (/home/bhadresh/Desktop/jaxmart_monorepo/backend/src/controllers/listingController.js:47:31)","timestamp":"2026-04-14 10:45:44"}
{"level":"info","message":"Server running on port 4000","service":"b2b-platform-backend","timestamp":"2026-04-14 10:52:08"}
{"level":"info","message":"Redis connected","service":"b2b-platform-backend","timestamp":"2026-04-14 10:52:08"}
{"level":"info","message":"Database connected","service":"b2b-platform-backend","timestamp":"2026-04-14 10:52:12"}
{"clientVersion":"5.22.0","code":"P1001","level":"error","message":"getCategories error: \nInvalid `prisma.category.findMany()` invocation in\n/home/bhadresh/Desktop/jaxmart_monorepo/backend/src/controllers/categoryController.js:7:46\n\n  4 const getCategories = async (req, res) => {\n  5   try {\n  6     const { parentId } = req.query;\n→ 7     const categories = await prisma.category.findMany(\nCan't reach database server at `mainline.proxy.rlwy.net:36460`\n\nPlease make sure your database server is running at `mainline.proxy.rlwy.net:36460`.","meta":{"database_host":"mainline.proxy.rlwy.net","database_port":36460,"modelName":"Category"},"name":"PrismaClientKnownRequestError","service":"b2b-platform-backend","stack":"PrismaClientKnownRequestError: \nInvalid `prisma.category.findMany()` invocation in\n/home/bhadresh/Desktop/jaxmart_monorepo/backend/src/controllers/categoryController.js:7:46\n\n  4 const getCategories = async (req, res) => {\n  5   try {\n  6     const { parentId } = req.query;\n→ 7     const categories = await prisma.category.findMany(\nCan't reach database server at `mainline.proxy.rlwy.net:36460`\n\nPlease make sure your database server is running at `mainline.proxy.rlwy.net:36460`.\n    at $n.handleRequestError (/home/bhadresh/Desktop/jaxmart_monorepo/backend/node_modules/@prisma/client/runtime/library.js:121:7315)\n    at $n.handleAndLogRequestError (/home/bhadresh/Desktop/jaxmart_monorepo/backend/node_modules/@prisma/client/runtime/library.js:121:6623)\n    at $n.request (/home/bhadresh/Desktop/jaxmart_monorepo/backend/node_modules/@prisma/client/runtime/library.js:121:6307)\n    at async l (/home/bhadresh/Desktop/jaxmart_monorepo/backend/node_modules/@prisma/client/runtime/library.js:130:9633)\n    at async getCategories (/home/bhadresh/Desktop/jaxmart_monorepo/backend/src/controllers/categoryController.js:7:24)","timestamp":"2026-04-14 11:03:26"}
{"clientVersion":"5.22.0","code":"P1001","level":"error","message":"searchListings error: \nInvalid `prisma.listing.findMany()` invocation in\n/home/bhadresh/Desktop/jaxmart_monorepo/backend/src/controllers/listingController.js:48:22\n\n  45 }\n  46 \n  47 const [listings, total] = await Promise.all([\n→ 48   prisma.listing.findMany(\nCan't reach database server at `mainline.proxy.rlwy.net:36460`\n\nPlease make sure your database server is running at `mainline.proxy.rlwy.net:36460`.","meta":{"database_host":"mainline.proxy.rlwy.net","database_port":36460,"modelName":"Listing"},"name":"PrismaClientKnownRequestError","service":"b2b-platform-backend","stack":"PrismaClientKnownRequestError: \nInvalid `prisma.listing.findMany()` invocation in\n/home/bhadresh/Desktop/jaxmart_monorepo/backend/src/controllers/listingController.js:48:22\n\n  45 }\n  46 \n  47 const [listings, total] = await Promise.all([\n→ 48   prisma.listing.findMany(\nCan't reach database server at `mainline.proxy.rlwy.net:36460`\n\nPlease make sure your database server is running at `mainline.proxy.rlwy.net:36460`.\n    at $n.handleRequestError (/home/bhadresh/Desktop/jaxmart_monorepo/backend/node_modules/@prisma/client/runtime/library.js:121:7315)\n    at $n.handleAndLogRequestError (/home/bhadresh/Desktop/jaxmart_monorepo/backend/node_modules/@prisma/client/runtime/library.js:121:6623)\n    at $n.request (/home/bhadresh/Desktop/jaxmart_monorepo/backend/node_modules/@prisma/client/runtime/library.js:121:6307)\n    at async l (/home/bhadresh/Desktop/jaxmart_monorepo/backend/node_modules/@prisma/client/runtime/library.js:130:9633)\n    at async Promise.all (index 0)\n    at async searchListings (/home/bhadresh/Desktop/jaxmart_monorepo/backend/src/controllers/listingController.js:47:31)","timestamp":"2026-04-14 11:03:26"}
{"clientVersion":"5.22.0","code":"P1001","level":"error","message":"getCategories error: \nInvalid `prisma.category.findMany()` invocation in\n/home/bhadresh/Desktop/jaxmart_monorepo/backend/src/controllers/categoryController.js:7:46\n\n  4 const getCategories = async (req, res) => {\n  5   try {\n  6     const { parentId } = req.query;\n→ 7     const categories = await prisma.category.findMany(\nCan't reach database server at `mainline.proxy.rlwy.net:36460`\n\nPlease make sure your database server is running at `mainline.proxy.rlwy.net:36460`.","meta":{"database_host":"mainline.proxy.rlwy.net","database_port":36460,"modelName":"Category"},"name":"PrismaClientKnownRequestError","service":"b2b-platform-backend","stack":"PrismaClientKnownRequestError: \nInvalid `prisma.category.findMany()` invocation in\n/home/bhadresh/Desktop/jaxmart_monorepo/backend/src/controllers/categoryController.js:7:46\n\n  4 const getCategories = async (req, res) => {\n  5   try {\n  6     const { parentId } = req.query;\n→ 7     const categories = await prisma.category.findMany(\nCan't reach database server at `mainline.proxy.rlwy.net:36460`\n\nPlease make sure your database server is running at `mainline.proxy.rlwy.net:36460`.\n    at $n.handleRequestError (/home/bhadresh/Desktop/jaxmart_monorepo/backend/node_modules/@prisma/client/runtime/library.js:121:7315)\n    at $n.handleAndLogRequestError (/home/bhadresh/Desktop/jaxmart_monorepo/backend/node_modules/@prisma/client/runtime/library.js:121:6623)\n    at $n.request (/home/bhadresh/Desktop/jaxmart_monorepo/backend/node_modules/@prisma/client/runtime/library.js:121:6307)\n    at async l (/home/bhadresh/Desktop/jaxmart_monorepo/backend/node_modules/@prisma/client/runtime/library.js:130:9633)\n    at async getCategories (/home/bhadresh/Desktop/jaxmart_monorepo/backend/src/controllers/categoryController.js:7:24)","timestamp":"2026-04-14 11:03:32"}
{"clientVersion":"5.22.0","code":"P1001","level":"error","message":"searchListings error: \nInvalid `prisma.listing.findMany()` invocation in\n/home/bhadresh/Desktop/jaxmart_monorepo/backend/src/controllers/listingController.js:48:22\n\n  45 }\n  46 \n  47 const [listings, total] = await Promise.all([\n→ 48   prisma.listing.findMany(\nCan't reach database server at `mainline.proxy.rlwy.net:36460`\n\nPlease make sure your database server is running at `mainline.proxy.rlwy.net:36460`.","meta":{"database_host":"mainline.proxy.rlwy.net","database_port":36460,"modelName":"Listing"},"name":"PrismaClientKnownRequestError","service":"b2b-platform-backend","stack":"PrismaClientKnownRequestError: \nInvalid `prisma.listing.findMany()` invocation in\n/home/bhadresh/Desktop/jaxmart_monorepo/backend/src/controllers/listingController.js:48:22\n\n  45 }\n  46 \n  47 const [listings, total] = await Promise.all([\n→ 48   prisma.listing.findMany(\nCan't reach database server at `mainline.proxy.rlwy.net:36460`\n\nPlease make sure your database server is running at `mainline.proxy.rlwy.net:36460`.\n    at $n.handleRequestError (/home/bhadresh/Desktop/jaxmart_monorepo/backend/node_modules/@prisma/client/runtime/library.js:121:7315)\n    at $n.handleAndLogRequestError (/home/bhadresh/Desktop/jaxmart_monorepo/backend/node_modules/@prisma/client/runtime/library.js:121:6623)\n    at $n.request (/home/bhadresh/Desktop/jaxmart_monorepo/backend/node_modules/@prisma/client/runtime/library.js:121:6307)\n    at async l (/home/bhadresh/Desktop/jaxmart_monorepo/backend/node_modules/@prisma/client/runtime/library.js:130:9633)\n    at async Promise.all (index 0)\n    at async searchListings (/home/bhadresh/Desktop/jaxmart_monorepo/backend/src/controllers/listingController.js:47:31)","timestamp":"2026-04-14 11:03:32"}
{"clientVersion":"5.22.0","code":"P1001","level":"error","message":"searchListings error: \nInvalid `prisma.listing.findMany()` invocation in\n/home/bhadresh/Desktop/jaxmart_monorepo/backend/src/controllers/listingController.js:48:22\n\n  45 }\n  46 \n  47 const [listings, total] = await Promise.all([\n→ 48   prisma.listing.findMany(\nCan't reach database server at `mainline.proxy.rlwy.net:36460`\n\nPlease make sure your database server is running at `mainline.proxy.rlwy.net:36460`.","meta":{"database_host":"mainline.proxy.rlwy.net","database_port":36460,"modelName":"Listing"},"name":"PrismaClientKnownRequestError","service":"b2b-platform-backend","stack":"PrismaClientKnownRequestError: \nInvalid `prisma.listing.findMany()` invocation in\n/home/bhadresh/Desktop/jaxmart_monorepo/backend/src/controllers/listingController.js:48:22\n\n  45 }\n  46 \n  47 const [listings, total] = await Promise.all([\n→ 48   prisma.listing.findMany(\nCan't reach database server at `mainline.proxy.rlwy.net:36460`\n\nPlease make sure your database server is running at `mainline.proxy.rlwy.net:36460`.\n    at $n.handleRequestError (/home/bhadresh/Desktop/jaxmart_monorepo/backend/node_modules/@prisma/client/runtime/library.js:121:7315)\n    at $n.handleAndLogRequestError (/home/bhadresh/Desktop/jaxmart_monorepo/backend/node_modules/@prisma/client/runtime/library.js:121:6623)\n    at $n.request (/home/bhadresh/Desktop/jaxmart_monorepo/backend/node_modules/@prisma/client/runtime/library.js:121:6307)\n    at async l (/home/bhadresh/Desktop/jaxmart_monorepo/backend/node_modules/@prisma/client/runtime/library.js:130:9633)\n    at async Promise.all (index 0)\n    at async searchListings (/home/bhadresh/Desktop/jaxmart_monorepo/backend/src/controllers/listingController.js:47:31)","timestamp":"2026-04-14 11:08:15"}
{"clientVersion":"5.22.0","code":"P1001","level":"error","message":"searchListings error: \nInvalid `prisma.listing.count()` invocation in\n/home/bhadresh/Desktop/jaxmart_monorepo/backend/src/controllers/listingController.js:71:22\n\n  68     },\n  69   },\n  70 }),\n→ 71 prisma.listing.count(\nCan't reach database server at `mainline.proxy.rlwy.net:36460`\n\nPlease make sure your database server is running at `mainline.proxy.rlwy.net:36460`.","meta":{"database_host":"mainline.proxy.rlwy.net","database_port":36460,"modelName":"Listing"},"name":"PrismaClientKnownRequestError","service":"b2b-platform-backend","stack":"PrismaClientKnownRequestError: \nInvalid `prisma.listing.count()` invocation in\n/home/bhadresh/Desktop/jaxmart_monorepo/backend/src/controllers/listingController.js:71:22\n\n  68     },\n  69   },\n  70 }),\n→ 71 prisma.listing.count(\nCan't reach database server at `mainline.proxy.rlwy.net:36460`\n\nPlease make sure your database server is running at `mainline.proxy.rlwy.net:36460`.\n    at $n.handleRequestError (/home/bhadresh/Desktop/jaxmart_monorepo/backend/node_modules/@prisma/client/runtime/library.js:121:7315)\n    at $n.handleAndLogRequestError (/home/bhadresh/Desktop/jaxmart_monorepo/backend/node_modules/@prisma/client/runtime/library.js:121:6623)\n    at $n.request (/home/bhadresh/Desktop/jaxmart_monorepo/backend/node_modules/@prisma/client/runtime/library.js:121:6307)\n    at async l (/home/bhadresh/Desktop/jaxmart_monorepo/backend/node_modules/@prisma/client/runtime/library.js:130:9633)\n    at async Promise.all (index 1)\n    at async searchListings (/home/bhadresh/Desktop/jaxmart_monorepo/backend/src/controllers/listingController.js:47:31)","timestamp":"2026-04-14 11:08:26"}
{"level":"info","message":"DEV OTP for 9998882221: 849970 (Bypass: 123456)","service":"b2b-platform-backend","timestamp":"2026-04-14 11:13:18"}
{"level":"debug","message":"Verify OTP attempt: 9998882221, provided: 123456, bypass: true","service":"b2b-platform-backend","timestamp":"2026-04-14 11:15:02"}
{"level":"info","message":"Server running on port 4000","service":"b2b-platform-backend","timestamp":"2026-04-14 13:16:41"}
{"level":"info","message":"Redis connected","service":"b2b-platform-backend","timestamp":"2026-04-14 13:16:41"}
{"level":"info","message":"Database connected","service":"b2b-platform-backend","timestamp":"2026-04-14 13:16:44"}
{"level":"info","message":"DEV OTP for 9998882221: 582960 (Bypass: 123456)","service":"b2b-platform-backend","timestamp":"2026-04-14 13:24:02"}
{"level":"debug","message":"Verify OTP attempt: 9998882221, provided: 123456, bypass: true","service":"b2b-platform-backend","timestamp":"2026-04-14 13:24:05"}
{"level":"info","message":"RFQ 6e0f4313-7e8f-4b07-a977-c87025379481: Notified 0 matched providers","service":"b2b-platform-backend","timestamp":"2026-04-14 13:27:47"}
{"level":"info","message":"DEV OTP for 9998887776: 644708 (Bypass: 123456)","service":"b2b-platform-backend","timestamp":"2026-04-14 13:28:20"}
{"level":"debug","message":"Verify OTP attempt: 9998887776, provided: 123456, bypass: true","service":"b2b-platform-backend","timestamp":"2026-04-14 13:28:24"}
{"level":"info","message":"Server running on port 4000","service":"b2b-platform-backend","timestamp":"2026-04-14 13:32:43"}
{"level":"info","message":"Redis connected","service":"b2b-platform-backend","timestamp":"2026-04-14 13:32:43"}
{"level":"info","message":"Database connected","service":"b2b-platform-backend","timestamp":"2026-04-14 13:32:46"}
{"level":"info","message":"DEV OTP for 9998882221: 283479 (Bypass: 123456)","service":"b2b-platform-backend","timestamp":"2026-04-14 13:35:02"}
{"level":"debug","message":"Verify OTP attempt: 9998882221, provided: 123456, bypass: true","service":"b2b-platform-backend","timestamp":"2026-04-14 13:35:07"}
{"level":"info","message":"Server running on port 4000","service":"b2b-platform-backend","timestamp":"2026-04-14 13:37:39"}
{"level":"info","message":"Redis connected","service":"b2b-platform-backend","timestamp":"2026-04-14 13:37:39"}
{"level":"info","message":"Database connected","service":"b2b-platform-backend","timestamp":"2026-04-14 13:37:42"}
{"clientVersion":"5.22.0","code":"P2028","level":"error","message":"awardQuote error: Transaction API error: Transaction not found. Transaction ID is invalid, refers to an old closed transaction Prisma doesn't have information about anymore, or was obtained before disconnecting.","meta":{"error":"Transaction not found. Transaction ID is invalid, refers to an old closed transaction Prisma doesn't have information about anymore, or was obtained before disconnecting."},"name":"PrismaClientKnownRequestError","service":"b2b-platform-backend","stack":"PrismaClientKnownRequestError: Transaction API error: Transaction not found. Transaction ID is invalid, refers to an old closed transaction Prisma doesn't have information about anymore, or was obtained before disconnecting.\n    at _r.transaction (/home/bhadresh/Desktop/jaxmart_monorepo/backend/node_modules/@prisma/client/runtime/library.js:111:12319)\n    at async Proxy._transactionWithCallback (/home/bhadresh/Desktop/jaxmart_monorepo/backend/node_modules/@prisma/client/runtime/library.js:130:8034)\n    at async awardQuote (/home/bhadresh/Desktop/jaxmart_monorepo/backend/src/controllers/rfqController.js:263:19)","timestamp":"2026-04-14 13:38:13"}
{"level":"info","message":"DEV OTP for 9998887776: 575731 (Bypass: 123456)","service":"b2b-platform-backend","timestamp":"2026-04-14 13:39:46"}
{"level":"debug","message":"Verify OTP attempt: 9998887776, provided: 123456, bypass: true","service":"b2b-platform-backend","timestamp":"2026-04-14 13:39:48"}
{"level":"info","message":"DEV OTP for 9998882221: 681743 (Bypass: 123456)","service":"b2b-platform-backend","timestamp":"2026-04-14 13:42:21"}
{"level":"debug","message":"Verify OTP attempt: 9998882221, provided: 123456, bypass: true","service":"b2b-platform-backend","timestamp":"2026-04-14 13:42:23"}
{"clientVersion":"5.22.0","code":"P1001","level":"error","message":"getCategories error: \nInvalid `prisma.category.findMany()` invocation in\n/home/bhadresh/Desktop/jaxmart_monorepo/backend/src/controllers/categoryController.js:7:46\n\n  4 const getCategories = async (req, res) => {\n  5   try {\n  6     const { parentId } = req.query;\n→ 7     const categories = await prisma.category.findMany(\nCan't reach database server at `mainline.proxy.rlwy.net:36460`\n\nPlease make sure your database server is running at `mainline.proxy.rlwy.net:36460`.","meta":{"database_host":"mainline.proxy.rlwy.net","database_port":36460,"modelName":"Category"},"name":"PrismaClientKnownRequestError","service":"b2b-platform-backend","stack":"PrismaClientKnownRequestError: \nInvalid `prisma.category.findMany()` invocation in\n/home/bhadresh/Desktop/jaxmart_monorepo/backend/src/controllers/categoryController.js:7:46\n\n  4 const getCategories = async (req, res) => {\n  5   try {\n  6     const { parentId } = req.query;\n→ 7     const categories = await prisma.category.findMany(\nCan't reach database server at `mainline.proxy.rlwy.net:36460`\n\nPlease make sure your database server is running at `mainline.proxy.rlwy.net:36460`.\n    at $n.handleRequestError (/home/bhadresh/Desktop/jaxmart_monorepo/backend/node_modules/@prisma/client/runtime/library.js:121:7315)\n    at $n.handleAndLogRequestError (/home/bhadresh/Desktop/jaxmart_monorepo/backend/node_modules/@prisma/client/runtime/library.js:121:6623)\n    at $n.request (/home/bhadresh/Desktop/jaxmart_monorepo/backend/node_modules/@prisma/client/runtime/library.js:121:6307)\n    at async l (/home/bhadresh/Desktop/jaxmart_monorepo/backend/node_modules/@prisma/client/runtime/library.js:130:9633)\n    at async getCategories (/home/bhadresh/Desktop/jaxmart_monorepo/backend/src/controllers/categoryController.js:7:24)","timestamp":"2026-04-14 14:27:21"}
{"clientVersion":"5.22.0","code":"P2024","level":"error","message":"searchListings error: \nInvalid `prisma.listing.findMany()` invocation in\n/home/bhadresh/Desktop/jaxmart_monorepo/backend/src/controllers/listingController.js:48:22\n\n  45 }\n  46 \n  47 const [listings, total] = await Promise.all([\n→ 48   prisma.listing.findMany(\nTimed out fetching a new connection from the connection pool. More info: http://pris.ly/d/connection-pool (Current connection pool timeout: 10, connection limit: 9)","meta":{"connection_limit":9,"modelName":"Listing","timeout":10},"name":"PrismaClientKnownRequestError","service":"b2b-platform-backend","stack":"PrismaClientKnownRequestError: \nInvalid `prisma.listing.findMany()` invocation in\n/home/bhadresh/Desktop/jaxmart_monorepo/backend/src/controllers/listingController.js:48:22\n\n  45 }\n  46 \n  47 const [listings, total] = await Promise.all([\n→ 48   prisma.listing.findMany(\nTimed out fetching a new connection from the connection pool. More info: http://pris.ly/d/connection-pool (Current connection pool timeout: 10, connection limit: 9)\n    at $n.handleRequestError (/home/bhadresh/Desktop/jaxmart_monorepo/backend/node_modules/@prisma/client/runtime/library.js:121:7315)\n    at $n.handleAndLogRequestError (/home/bhadresh/Desktop/jaxmart_monorepo/backend/node_modules/@prisma/client/runtime/library.js:121:6623)\n    at $n.request (/home/bhadresh/Desktop/jaxmart_monorepo/backend/node_modules/@prisma/client/runtime/library.js:121:6307)\n    at async l (/home/bhadresh/Desktop/jaxmart_monorepo/backend/node_modules/@prisma/client/runtime/library.js:130:9633)\n    at async Promise.all (index 0)\n    at async searchListings (/home/bhadresh/Desktop/jaxmart_monorepo/backend/src/controllers/listingController.js:47:31)","timestamp":"2026-04-14 14:27:26"}
{"clientVersion":"5.22.0","code":"P1001","level":"error","message":"searchListings error: \nInvalid `prisma.listing.count()` invocation in\n/home/bhadresh/Desktop/jaxmart_monorepo/backend/src/controllers/listingController.js:71:22\n\n  68     },\n  69   },\n  70 }),\n→ 71 prisma.listing.count(\nCan't reach database server at `mainline.proxy.rlwy.net:36460`\n\nPlease make sure your database server is running at `mainline.proxy.rlwy.net:36460`.","meta":{"database_host":"mainline.proxy.rlwy.net","database_port":36460,"modelName":"Listing"},"name":"PrismaClientKnownRequestError","service":"b2b-platform-backend","stack":"PrismaClientKnownRequestError: \nInvalid `prisma.listing.count()` invocation in\n/home/bhadresh/Desktop/jaxmart_monorepo/backend/src/controllers/listingController.js:71:22\n\n  68     },\n  69   },\n  70 }),\n→ 71 prisma.listing.count(\nCan't reach database server at `mainline.proxy.rlwy.net:36460`\n\nPlease make sure your database server is running at `mainline.proxy.rlwy.net:36460`.\n    at $n.handleRequestError (/home/bhadresh/Desktop/jaxmart_monorepo/backend/node_modules/@prisma/client/runtime/library.js:121:7315)\n    at $n.handleAndLogRequestError (/home/bhadresh/Desktop/jaxmart_monorepo/backend/node_modules/@prisma/client/runtime/library.js:121:6623)\n    at $n.request (/home/bhadresh/Desktop/jaxmart_monorepo/backend/node_modules/@prisma/client/runtime/library.js:121:6307)\n    at async l (/home/bhadresh/Desktop/jaxmart_monorepo/backend/node_modules/@prisma/client/runtime/library.js:130:9633)\n    at async Promise.all (index 1)\n    at async searchListings (/home/bhadresh/Desktop/jaxmart_monorepo/backend/src/controllers/listingController.js:47:31)","timestamp":"2026-04-14 14:27:31"}
{"clientVersion":"5.22.0","code":"P2024","level":"error","message":"getCategories error: \nInvalid `prisma.category.findMany()` invocation in\n/home/bhadresh/Desktop/jaxmart_monorepo/backend/src/controllers/categoryController.js:7:46\n\n  4 const getCategories = async (req, res) => {\n  5   try {\n  6     const { parentId } = req.query;\n→ 7     const categories = await prisma.category.findMany(\nTimed out fetching a new connection from the connection pool. More info: http://pris.ly/d/connection-pool (Current connection pool timeout: 10, connection limit: 9)","meta":{"connection_limit":9,"modelName":"Category","timeout":10},"name":"PrismaClientKnownRequestError","service":"b2b-platform-backend","stack":"PrismaClientKnownRequestError: \nInvalid `prisma.category.findMany()` invocation in\n/home/bhadresh/Desktop/jaxmart_monorepo/backend/src/controllers/categoryController.js:7:46\n\n  4 const getCategories = async (req, res) => {\n  5   try {\n  6     const { parentId } = req.query;\n→ 7     const categories = await prisma.category.findMany(\nTimed out fetching a new connection from the connection pool. More info: http://pris.ly/d/connection-pool (Current connection pool timeout: 10, connection limit: 9)\n    at $n.handleRequestError (/home/bhadresh/Desktop/jaxmart_monorepo/backend/node_modules/@prisma/client/runtime/library.js:121:7315)\n    at $n.handleAndLogRequestError (/home/bhadresh/Desktop/jaxmart_monorepo/backend/node_modules/@prisma/client/runtime/library.js:121:6623)\n    at $n.request (/home/bhadresh/Desktop/jaxmart_monorepo/backend/node_modules/@prisma/client/runtime/library.js:121:6307)\n    at async l (/home/bhadresh/Desktop/jaxmart_monorepo/backend/node_modules/@prisma/client/runtime/library.js:130:9633)\n    at async getCategories (/home/bhadresh/Desktop/jaxmart_monorepo/backend/src/controllers/categoryController.js:7:24)","timestamp":"2026-04-14 14:27:31"}
{"level":"info","message":"DEV OTP for 9998882221: 424219 (Bypass: 123456)","service":"b2b-platform-backend","timestamp":"2026-04-14 14:30:36"}
{"level":"debug","message":"Verify OTP attempt: 9998882221, provided: 123456, bypass: true","service":"b2b-platform-backend","timestamp":"2026-04-14 14:30:39"}
{"clientVersion":"5.22.0","code":"P1001","level":"error","message":"verifyOtp error: \nInvalid `prisma.user.findUnique()` invocation in\n/home/bhadresh/Desktop/jaxmart_monorepo/backend/src/controllers/authController.js:68:34\n\n  65 await redis.del(`otp_attempts:${phone}`);\n  66 \n  67 // Find or create user\n→ 68 let user = await prisma.user.findUnique(\nCan't reach database server at `mainline.proxy.rlwy.net:36460`\n\nPlease make sure your database server is running at `mainline.proxy.rlwy.net:36460`.","meta":{"database_host":"mainline.proxy.rlwy.net","database_port":36460,"modelName":"User"},"name":"PrismaClientKnownRequestError","service":"b2b-platform-backend","stack":"PrismaClientKnownRequestError: \nInvalid `prisma.user.findUnique()` invocation in\n/home/bhadresh/Desktop/jaxmart_monorepo/backend/src/controllers/authController.js:68:34\n\n  65 await redis.del(`otp_attempts:${phone}`);\n  66 \n  67 // Find or create user\n→ 68 let user = await prisma.user.findUnique(\nCan't reach database server at `mainline.proxy.rlwy.net:36460`\n\nPlease make sure your database server is running at `mainline.proxy.rlwy.net:36460`.\n    at $n.handleRequestError (/home/bhadresh/Desktop/jaxmart_monorepo/backend/node_modules/@prisma/client/runtime/library.js:121:7315)\n    at $n.handleAndLogRequestError (/home/bhadresh/Desktop/jaxmart_monorepo/backend/node_modules/@prisma/client/runtime/library.js:121:6623)\n    at $n.request (/home/bhadresh/Desktop/jaxmart_monorepo/backend/node_modules/@prisma/client/runtime/library.js:121:6307)\n    at async l (/home/bhadresh/Desktop/jaxmart_monorepo/backend/node_modules/@prisma/client/runtime/library.js:130:9633)\n    at async verifyOtp (/home/bhadresh/Desktop/jaxmart_monorepo/backend/src/controllers/authController.js:68:16)","timestamp":"2026-04-14 14:30:44"}
{"level":"info","message":"Server running on port 4000","service":"b2b-platform-backend","timestamp":"2026-04-14 14:30:44"}
{"level":"info","message":"Redis connected","service":"b2b-platform-backend","timestamp":"2026-04-14 14:30:44"}
{"level":"debug","message":"Verify OTP attempt: 9998882221, provided: 123456, bypass: true","service":"b2b-platform-backend","timestamp":"2026-04-14 14:30:46"}
{"level":"info","message":"Database connected","service":"b2b-platform-backend","timestamp":"2026-04-14 14:30:47"}
{"level":"info","message":"Server running on port 4000","service":"b2b-platform-backend","timestamp":"2026-04-14 14:37:31"}
{"level":"info","message":"Redis connected","service":"b2b-platform-backend","timestamp":"2026-04-14 14:37:31"}
{"clientVersion":"5.22.0","errorCode":"P1001","level":"error","message":"Database connection failed: Can't reach database server at `mainline.proxy.rlwy.net:36460`\n\nPlease make sure your database server is running at `mainline.proxy.rlwy.net:36460`.","name":"PrismaClientInitializationError","service":"b2b-platform-backend","stack":"PrismaClientInitializationError: Can't reach database server at `mainline.proxy.rlwy.net:36460`\n\nPlease make sure your database server is running at `mainline.proxy.rlwy.net:36460`.\n    at t (/home/bhadresh/Desktop/jaxmart_monorepo/backend/node_modules/@prisma/client/runtime/library.js:112:2488)","timestamp":"2026-04-14 14:37:36"}
{"level":"info","message":"Server running on port 4000","service":"b2b-platform-backend","timestamp":"2026-04-14 14:38:32"}
{"level":"info","message":"Redis connected","service":"b2b-platform-backend","timestamp":"2026-04-14 14:38:32"}
{"level":"info","message":"Database connected","service":"b2b-platform-backend","timestamp":"2026-04-14 14:38:35"}
{"level":"info","message":"DEV OTP for 9998882221: 326680 (Bypass: 123456)","service":"b2b-platform-backend","timestamp":"2026-04-14 14:38:42"}
{"level":"debug","message":"Verify OTP attempt: 9998882221, provided: 123456, bypass: true","service":"b2b-platform-backend","timestamp":"2026-04-14 14:38:46"}
{"level":"info","message":"DEV OTP for 9998887776: 153854 (Bypass: 123456)","service":"b2b-platform-backend","timestamp":"2026-04-14 14:40:08"}
{"level":"debug","message":"Verify OTP attempt: 9998887776, provided: 123456, bypass: true","service":"b2b-platform-backend","timestamp":"2026-04-14 14:40:11"}
{"level":"info","message":"Server running on port 4000","service":"b2b-platform-backend","timestamp":"2026-04-14 14:41:55"}
{"level":"info","message":"Redis connected","service":"b2b-platform-backend","timestamp":"2026-04-14 14:41:55"}
{"clientVersion":"5.22.0","errorCode":"P1001","level":"error","message":"Database connection failed: Can't reach database server at `mainline.proxy.rlwy.net:36460`\n\nPlease make sure your database server is running at `mainline.proxy.rlwy.net:36460`.","name":"PrismaClientInitializationError","service":"b2b-platform-backend","stack":"PrismaClientInitializationError: Can't reach database server at `mainline.proxy.rlwy.net:36460`\n\nPlease make sure your database server is running at `mainline.proxy.rlwy.net:36460`.\n    at t (/home/bhadresh/Desktop/jaxmart_monorepo/backend/node_modules/@prisma/client/runtime/library.js:112:2488)","timestamp":"2026-04-14 14:42:00"}
{"level":"info","message":"Server running on port 4000","service":"b2b-platform-backend","timestamp":"2026-04-14 14:42:04"}
{"level":"info","message":"Redis connected","service":"b2b-platform-backend","timestamp":"2026-04-14 14:42:04"}
{"level":"info","message":"Database connected","service":"b2b-platform-backend","timestamp":"2026-04-14 14:42:07"}
{"level":"info","message":"Server running on port 4000","service":"b2b-platform-backend","timestamp":"2026-04-14 14:43:39"}
{"level":"info","message":"Redis connected","service":"b2b-platform-backend","timestamp":"2026-04-14 14:43:39"}
{"level":"info","message":"Database connected","service":"b2b-platform-backend","timestamp":"2026-04-14 14:43:42"}
{"level":"info","message":"DEV OTP for 9998887776: 453155 (Bypass: 123456)","service":"b2b-platform-backend","timestamp":"2026-04-14 14:44:30"}
{"level":"debug","message":"Verify OTP attempt: 9998887776, provided: 123456, bypass: true","service":"b2b-platform-backend","timestamp":"2026-04-14 14:44:34"}
{"level":"info","message":"Server running on port 4000","service":"b2b-platform-backend","timestamp":"2026-04-14 14:46:42"}
{"level":"info","message":"Redis connected","service":"b2b-platform-backend","timestamp":"2026-04-14 14:46:42"}
{"level":"info","message":"DEV OTP for 9998887776: 893066 (Bypass: 123456)","service":"b2b-platform-backend","timestamp":"2026-04-14 14:46:42"}
{"level":"debug","message":"Verify OTP attempt: 9998887776, provided: 123456, bypass: true","service":"b2b-platform-backend","timestamp":"2026-04-14 14:46:45"}
{"clientVersion":"5.22.0","errorCode":"P1001","level":"error","message":"Database connection failed: Can't reach database server at `mainline.proxy.rlwy.net:36460`\n\nPlease make sure your database server is running at `mainline.proxy.rlwy.net:36460`.","name":"PrismaClientInitializationError","service":"b2b-platform-backend","stack":"PrismaClientInitializationError: Can't reach database server at `mainline.proxy.rlwy.net:36460`\n\nPlease make sure your database server is running at `mainline.proxy.rlwy.net:36460`.\n    at t (/home/bhadresh/Desktop/jaxmart_monorepo/backend/node_modules/@prisma/client/runtime/library.js:112:2488)","timestamp":"2026-04-14 14:46:47"}
{"level":"info","message":"Server running on port 4000","service":"b2b-platform-backend","timestamp":"2026-04-14 14:47:03"}
{"level":"info","message":"Redis connected","service":"b2b-platform-backend","timestamp":"2026-04-14 14:47:03"}
{"clientVersion":"5.22.0","errorCode":"P1001","level":"error","message":"Database connection failed: Can't reach database server at `mainline.proxy.rlwy.net:36460`\n\nPlease make sure your database server is running at `mainline.proxy.rlwy.net:36460`.","name":"PrismaClientInitializationError","service":"b2b-platform-backend","stack":"PrismaClientInitializationError: Can't reach database server at `mainline.proxy.rlwy.net:36460`\n\nPlease make sure your database server is running at `mainline.proxy.rlwy.net:36460`.\n    at t (/home/bhadresh/Desktop/jaxmart_monorepo/backend/node_modules/@prisma/client/runtime/library.js:112:2488)","timestamp":"2026-04-14 14:47:08"}
{"level":"info","message":"Server running on port 4000","service":"b2b-platform-backend","timestamp":"2026-04-14 14:47:20"}
{"level":"info","message":"Redis connected","service":"b2b-platform-backend","timestamp":"2026-04-14 14:47:20"}
{"level":"info","message":"Database connected","service":"b2b-platform-backend","timestamp":"2026-04-14 14:47:23"}
{"level":"debug","message":"Verify OTP attempt: 9998887776, provided: 123456, bypass: true","service":"b2b-platform-backend","timestamp":"2026-04-14 14:47:39"}
{"level":"info","message":"DEV OTP for 9998882221: 558622 (Bypass: 123456)","service":"b2b-platform-backend","timestamp":"2026-04-14 14:48:11"}
{"level":"debug","message":"Verify OTP attempt: 9998882221, provided: 123456, bypass: true","service":"b2b-platform-backend","timestamp":"2026-04-14 14:48:13"}
{"level":"info","message":"DEV OTP for 9998887776: 257185 (Bypass: 123456)","service":"b2b-platform-backend","timestamp":"2026-04-14 14:49:42"}
{"level":"debug","message":"Verify OTP attempt: 9998887776, provided: 123456, bypass: true","service":"b2b-platform-backend","timestamp":"2026-04-14 14:49:45"}
{"level":"info","message":"Server running on port 4000","service":"b2b-platform-backend","timestamp":"2026-04-14 14:51:06"}
{"level":"info","message":"Redis connected","service":"b2b-platform-backend","timestamp":"2026-04-14 14:51:06"}
{"level":"info","message":"Database connected","service":"b2b-platform-backend","timestamp":"2026-04-14 14:51:10"}
